<?xml version="1.0" encoding="UTF-8"?>
<!-- Generated by org.testng.reporters.JUnitXMLReporter -->
<testsuite hostname="PC-qiaojiafei" name="Test" tests="2" failures="1" timestamp="23 Dec 2015 07:37:49 GMT" time="12.797" errors="0">
  <testcase name="testlogin" time="2.222" classname="com.core.testcase.TestLogin">
    <failure type="java.lang.ArithmeticException" message="/ by zero">
      <![CDATA[java.lang.ArithmeticException: / by zero
	at com.core.testcase.TestLogin.testlogin(TestLogin.java:48)
... Removed 24 stack frames]]>
    </failure>
  </testcase> <!-- testlogin -->
  <testcase name="testlogin" time="2.269" classname="com.core.testcase.TestLogin">
    <failure type="java.lang.ArithmeticException" message="/ by zero">
      <![CDATA[java.lang.ArithmeticException: / by zero
	at com.core.testcase.TestLogin.testlogin(TestLogin.java:48)
... Removed 24 stack frames]]>
    </failure>
  </testcase> <!-- testlogin -->
</testsuite> <!-- Test -->
