<?xml version="1.0" encoding="UTF-8"?>
<testng-results skipped="0" failed="0" total="1" passed="1">
  <reporter-output>
  </reporter-output>
  <suite name="Default suite" duration-ms="11669" started-at="2016-02-26T10:33:24Z" finished-at="2016-02-26T10:33:36Z">
    <groups>
    </groups>
    <test name="Default test" duration-ms="11669" started-at="2016-02-26T10:33:24Z" finished-at="2016-02-26T10:33:36Z">
      <class name="com.core.testcase.TestLogin">
        <test-method status="PASS" signature="beforeClass()[pri:0, instance:com.core.testcase.TestLogin@88d9d40]" name="beforeClass" is-config="true" duration-ms="3007" started-at="2016-02-26T18:33:26Z" finished-at="2016-02-26T18:33:29Z">
          <reporter-output>
          </reporter-output>
        </test-method> <!-- beforeClass -->
        <test-method status="PASS" signature="testlogin(java.lang.Object)[pri:0, instance:com.core.testcase.TestLogin@88d9d40]" name="testlogin" duration-ms="5819" started-at="2016-02-26T18:33:29Z" data-provider="testdp" finished-at="2016-02-26T18:33:34Z">
          <params>
            <param index="0">
              <value>
                <![CDATA[3]]>
              </value>
            </param>
          </params>
          <reporter-output>
          </reporter-output>
        </test-method> <!-- testlogin -->
        <test-method status="PASS" signature="afterClass()[pri:0, instance:com.core.testcase.TestLogin@88d9d40]" name="afterClass" is-config="true" duration-ms="1292" started-at="2016-02-26T18:33:34Z" finished-at="2016-02-26T18:33:36Z">
          <reporter-output>
          </reporter-output>
        </test-method> <!-- afterClass -->
      </class> <!-- com.core.testcase.TestLogin -->
    </test> <!-- Default test -->
  </suite> <!-- Default suite -->
</testng-results>
