<?xml version="1.0" encoding="UTF-8"?>
<testng-results skipped="0" failed="0" total="2" passed="2">
  <reporter-output>
  </reporter-output>
  <suite name="Default suite" duration-ms="11056" started-at="2016-02-25T04:24:39Z" finished-at="2016-02-25T04:24:50Z">
    <groups>
    </groups>
    <test name="Default test" duration-ms="11056" started-at="2016-02-25T04:24:39Z" finished-at="2016-02-25T04:24:50Z">
      <class name="com.core.testcase.TestLogin">
        <test-method status="PASS" signature="beforeClass()[pri:0, instance:com.core.testcase.TestLogin@6e363549]" name="beforeClass" is-config="true" duration-ms="1831" started-at="2016-02-25T12:24:39Z" finished-at="2016-02-25T12:24:41Z">
          <reporter-output>
          </reporter-output>
        </test-method> <!-- beforeClass -->
        <test-method status="PASS" signature="testlogin(java.lang.Object)[pri:0, instance:com.core.testcase.TestLogin@6e363549]" name="testlogin" duration-ms="3228" started-at="2016-02-25T12:24:42Z" data-provider="testdp" finished-at="2016-02-25T12:24:46Z">
          <params>
            <param index="0">
              <value>
                <![CDATA[3]]>
              </value>
            </param>
          </params>
          <reporter-output>
          </reporter-output>
        </test-method> <!-- testlogin -->
        <test-method status="PASS" signature="testlogin(java.lang.Object)[pri:0, instance:com.core.testcase.TestLogin@6e363549]" name="testlogin" duration-ms="3196" started-at="2016-02-25T12:24:46Z" data-provider="testdp" finished-at="2016-02-25T12:24:49Z">
          <params>
            <param index="0">
              <value>
                <![CDATA[4]]>
              </value>
            </param>
          </params>
          <reporter-output>
          </reporter-output>
        </test-method> <!-- testlogin -->
        <test-method status="PASS" signature="afterClass()[pri:0, instance:com.core.testcase.TestLogin@6e363549]" name="afterClass" is-config="true" duration-ms="1268" started-at="2016-02-25T12:24:49Z" finished-at="2016-02-25T12:24:50Z">
          <reporter-output>
          </reporter-output>
        </test-method> <!-- afterClass -->
      </class> <!-- com.core.testcase.TestLogin -->
    </test> <!-- Default test -->
  </suite> <!-- Default suite -->
</testng-results>
